<?xml version="1.0" encoding="UTF-8"?>
<!-- Generated by org.testng.reporters.JUnitReportReporter -->
<testsuite hostname="DESKTOP-DUQ488G" failures="0" tests="4" name="capstoneProject.CapstoneProject" time="4.834" errors="0" timestamp="2023-06-05T16:46:31 EDT" skipped="0">
  <testcase classname="capstoneProject.CapstoneProject" name="createResource" time="2.738"/>
  <system-out/>
  <testcase classname="capstoneProject.CapstoneProject" name="verifyResource" time="0.008"/>
  <system-out/>
  <testcase classname="capstoneProject.CapstoneProject" name="updateResource" time="1.020"/>
  <system-out/>
  <testcase classname="capstoneProject.CapstoneProject" name="deleteResource" time="1.068"/>
  <system-out/>
</testsuite> <!-- capstoneProject.CapstoneProject -->
